<?xml version="1.0" encoding="UTF-8"?>
<testsuite xmlns:xsi="http://www.w3.org/2001/XMLSchema-instance" xsi:noNamespaceSchemaLocation="https://maven.apache.org/surefire/maven-surefire-plugin/xsd/surefire-test-report.xsd" name="com.effective.mobile_pr2.utils.CsvUtilsTest" time="0.191" tests="6" errors="0" skipped="0" failures="0">
  <properties>
    <property name="java.specification.version" value="17"/>
    <property name="sun.jnu.encoding" value="UTF-8"/>
    <property name="java.class.path" value="/home/d/IdeaProjects/csv-gen-library/target/test-classes:/home/d/IdeaProjects/csv-gen-library/target/classes:/home/d/.m2/repository/org/springframework/boot/spring-boot-starter/3.3.2/spring-boot-starter-3.3.2.jar:/home/d/.m2/repository/org/springframework/boot/spring-boot/3.3.2/spring-boot-3.3.2.jar:/home/d/.m2/repository/org/springframework/spring-context/6.1.11/spring-context-6.1.11.jar:/home/d/.m2/repository/org/springframework/spring-aop/6.1.11/spring-aop-6.1.11.jar:/home/d/.m2/repository/org/springframework/spring-beans/6.1.11/spring-beans-6.1.11.jar:/home/d/.m2/repository/org/springframework/spring-expression/6.1.11/spring-expression-6.1.11.jar:/home/d/.m2/repository/io/micrometer/micrometer-observation/1.12.8/micrometer-observation-1.12.8.jar:/home/d/.m2/repository/io/micrometer/micrometer-commons/1.12.8/micrometer-commons-1.12.8.jar:/home/d/.m2/repository/org/springframework/boot/spring-boot-autoconfigure/3.3.2/spring-boot-autoconfigure-3.3.2.jar:/home/d/.m2/repository/org/springframework/boot/spring-boot-starter-logging/3.3.2/spring-boot-starter-logging-3.3.2.jar:/home/d/.m2/repository/ch/qos/logback/logback-classic/1.5.6/logback-classic-1.5.6.jar:/home/d/.m2/repository/ch/qos/logback/logback-core/1.5.6/logback-core-1.5.6.jar:/home/d/.m2/repository/org/slf4j/slf4j-api/2.0.13/slf4j-api-2.0.13.jar:/home/d/.m2/repository/org/apache/logging/log4j/log4j-to-slf4j/2.23.1/log4j-to-slf4j-2.23.1.jar:/home/d/.m2/repository/org/apache/logging/log4j/log4j-api/2.23.1/log4j-api-2.23.1.jar:/home/d/.m2/repository/org/slf4j/jul-to-slf4j/2.0.13/jul-to-slf4j-2.0.13.jar:/home/d/.m2/repository/jakarta/annotation/jakarta.annotation-api/2.1.1/jakarta.annotation-api-2.1.1.jar:/home/d/.m2/repository/org/springframework/spring-core/6.1.11/spring-core-6.1.11.jar:/home/d/.m2/repository/org/springframework/spring-jcl/6.1.11/spring-jcl-6.1.11.jar:/home/d/.m2/repository/org/yaml/snakeyaml/2.2/snakeyaml-2.2.jar:/home/d/.m2/repository/junit/junit/4.11/junit-4.11.jar:/home/d/.m2/repository/org/hamcrest/hamcrest-core/1.3/hamcrest-core-1.3.jar:/home/d/.m2/repository/com/opencsv/opencsv/4.1/opencsv-4.1.jar:/home/d/.m2/repository/org/apache/commons/commons-lang3/3.6/commons-lang3-3.6.jar:/home/d/.m2/repository/org/apache/commons/commons-text/1.1/commons-text-1.1.jar:/home/d/.m2/repository/commons-beanutils/commons-beanutils/1.9.3/commons-beanutils-1.9.3.jar:/home/d/.m2/repository/commons-logging/commons-logging/1.2/commons-logging-1.2.jar:/home/d/.m2/repository/commons-collections/commons-collections/3.2.2/commons-collections-3.2.2.jar:/home/d/.m2/repository/org/junit/jupiter/junit-jupiter-engine/5.10.1/junit-jupiter-engine-5.10.1.jar:/home/d/.m2/repository/org/junit/platform/junit-platform-engine/1.10.1/junit-platform-engine-1.10.1.jar:/home/d/.m2/repository/org/opentest4j/opentest4j/1.3.0/opentest4j-1.3.0.jar:/home/d/.m2/repository/org/junit/platform/junit-platform-commons/1.10.1/junit-platform-commons-1.10.1.jar:/home/d/.m2/repository/org/junit/jupiter/junit-jupiter-api/5.10.1/junit-jupiter-api-5.10.1.jar:/home/d/.m2/repository/org/apiguardian/apiguardian-api/1.1.2/apiguardian-api-1.1.2.jar:"/>
    <property name="java.vm.vendor" value="Amazon.com Inc."/>
    <property name="sun.arch.data.model" value="64"/>
    <property name="java.vendor.url" value="https://aws.amazon.com/corretto/"/>
    <property name="os.name" value="Linux"/>
    <property name="java.vm.specification.version" value="17"/>
    <property name="sun.java.launcher" value="SUN_STANDARD"/>
    <property name="user.country" value="US"/>
    <property name="sun.boot.library.path" value="/home/d/.jdks/corretto-17.0.12/lib"/>
    <property name="sun.java.command" value="/home/d/IdeaProjects/csv-gen-library/target/surefire/surefirebooter14510970239783635534.jar /home/d/IdeaProjects/csv-gen-library/target/surefire 2024-07-20T13-19-50_250-jvmRun1 surefire14979225292146632318tmp surefire_015359067536048553038tmp"/>
    <property name="jdk.debug" value="release"/>
    <property name="surefire.test.class.path" value="/home/d/IdeaProjects/csv-gen-library/target/test-classes:/home/d/IdeaProjects/csv-gen-library/target/classes:/home/d/.m2/repository/org/springframework/boot/spring-boot-starter/3.3.2/spring-boot-starter-3.3.2.jar:/home/d/.m2/repository/org/springframework/boot/spring-boot/3.3.2/spring-boot-3.3.2.jar:/home/d/.m2/repository/org/springframework/spring-context/6.1.11/spring-context-6.1.11.jar:/home/d/.m2/repository/org/springframework/spring-aop/6.1.11/spring-aop-6.1.11.jar:/home/d/.m2/repository/org/springframework/spring-beans/6.1.11/spring-beans-6.1.11.jar:/home/d/.m2/repository/org/springframework/spring-expression/6.1.11/spring-expression-6.1.11.jar:/home/d/.m2/repository/io/micrometer/micrometer-observation/1.12.8/micrometer-observation-1.12.8.jar:/home/d/.m2/repository/io/micrometer/micrometer-commons/1.12.8/micrometer-commons-1.12.8.jar:/home/d/.m2/repository/org/springframework/boot/spring-boot-autoconfigure/3.3.2/spring-boot-autoconfigure-3.3.2.jar:/home/d/.m2/repository/org/springframework/boot/spring-boot-starter-logging/3.3.2/spring-boot-starter-logging-3.3.2.jar:/home/d/.m2/repository/ch/qos/logback/logback-classic/1.5.6/logback-classic-1.5.6.jar:/home/d/.m2/repository/ch/qos/logback/logback-core/1.5.6/logback-core-1.5.6.jar:/home/d/.m2/repository/org/slf4j/slf4j-api/2.0.13/slf4j-api-2.0.13.jar:/home/d/.m2/repository/org/apache/logging/log4j/log4j-to-slf4j/2.23.1/log4j-to-slf4j-2.23.1.jar:/home/d/.m2/repository/org/apache/logging/log4j/log4j-api/2.23.1/log4j-api-2.23.1.jar:/home/d/.m2/repository/org/slf4j/jul-to-slf4j/2.0.13/jul-to-slf4j-2.0.13.jar:/home/d/.m2/repository/jakarta/annotation/jakarta.annotation-api/2.1.1/jakarta.annotation-api-2.1.1.jar:/home/d/.m2/repository/org/springframework/spring-core/6.1.11/spring-core-6.1.11.jar:/home/d/.m2/repository/org/springframework/spring-jcl/6.1.11/spring-jcl-6.1.11.jar:/home/d/.m2/repository/org/yaml/snakeyaml/2.2/snakeyaml-2.2.jar:/home/d/.m2/repository/junit/junit/4.11/junit-4.11.jar:/home/d/.m2/repository/org/hamcrest/hamcrest-core/1.3/hamcrest-core-1.3.jar:/home/d/.m2/repository/com/opencsv/opencsv/4.1/opencsv-4.1.jar:/home/d/.m2/repository/org/apache/commons/commons-lang3/3.6/commons-lang3-3.6.jar:/home/d/.m2/repository/org/apache/commons/commons-text/1.1/commons-text-1.1.jar:/home/d/.m2/repository/commons-beanutils/commons-beanutils/1.9.3/commons-beanutils-1.9.3.jar:/home/d/.m2/repository/commons-logging/commons-logging/1.2/commons-logging-1.2.jar:/home/d/.m2/repository/commons-collections/commons-collections/3.2.2/commons-collections-3.2.2.jar:/home/d/.m2/repository/org/junit/jupiter/junit-jupiter-engine/5.10.1/junit-jupiter-engine-5.10.1.jar:/home/d/.m2/repository/org/junit/platform/junit-platform-engine/1.10.1/junit-platform-engine-1.10.1.jar:/home/d/.m2/repository/org/opentest4j/opentest4j/1.3.0/opentest4j-1.3.0.jar:/home/d/.m2/repository/org/junit/platform/junit-platform-commons/1.10.1/junit-platform-commons-1.10.1.jar:/home/d/.m2/repository/org/junit/jupiter/junit-jupiter-api/5.10.1/junit-jupiter-api-5.10.1.jar:/home/d/.m2/repository/org/apiguardian/apiguardian-api/1.1.2/apiguardian-api-1.1.2.jar:"/>
    <property name="sun.cpu.endian" value="little"/>
    <property name="user.home" value="/home/d"/>
    <property name="user.language" value="en"/>
    <property name="java.specification.vendor" value="Oracle Corporation"/>
    <property name="java.version.date" value="2024-07-16"/>
    <property name="java.home" value="/home/d/.jdks/corretto-17.0.12"/>
    <property name="file.separator" value="/"/>
    <property name="basedir" value="/home/d/IdeaProjects/csv-gen-library"/>
    <property name="java.vm.compressedOopsMode" value="Zero based"/>
    <property name="line.separator" value="&#10;"/>
    <property name="java.vm.specification.vendor" value="Oracle Corporation"/>
    <property name="java.specification.name" value="Java Platform API Specification"/>
    <property name="surefire.real.class.path" value="/home/d/IdeaProjects/csv-gen-library/target/surefire/surefirebooter14510970239783635534.jar"/>
    <property name="sun.management.compiler" value="HotSpot 64-Bit Tiered Compilers"/>
    <property name="java.runtime.version" value="17.0.12+7-LTS"/>
    <property name="user.name" value="d"/>
    <property name="path.separator" value=":"/>
    <property name="os.version" value="6.8.0-38-generic"/>
    <property name="java.runtime.name" value="OpenJDK Runtime Environment"/>
    <property name="file.encoding" value="UTF-8"/>
    <property name="java.vm.name" value="OpenJDK 64-Bit Server VM"/>
    <property name="java.vendor.version" value="Corretto-17.0.12.7.1"/>
    <property name="localRepository" value="/home/d/.m2/repository"/>
    <property name="java.vendor.url.bug" value="https://github.com/corretto/corretto-17/issues/"/>
    <property name="java.io.tmpdir" value="/tmp"/>
    <property name="idea.version" value="2023.1.1"/>
    <property name="java.version" value="17.0.12"/>
    <property name="user.dir" value="/home/d/IdeaProjects/csv-gen-library"/>
    <property name="os.arch" value="amd64"/>
    <property name="java.vm.specification.name" value="Java Virtual Machine Specification"/>
    <property name="native.encoding" value="UTF-8"/>
    <property name="java.library.path" value="/usr/java/packages/lib:/usr/lib64:/lib64:/lib:/usr/lib"/>
    <property name="java.vm.info" value="mixed mode, sharing"/>
    <property name="java.vendor" value="Amazon.com Inc."/>
    <property name="java.vm.version" value="17.0.12+7-LTS"/>
    <property name="sun.io.unicode.encoding" value="UnicodeLittle"/>
    <property name="java.class.version" value="61.0"/>
  </properties>
  <testcase name="when_get_param_null_return_exception" classname="com.effective.mobile_pr2.utils.CsvUtilsTest" time="0.132"/>
  <testcase name="when_exclude_one_column_get_list_size_equals_one" classname="com.effective.mobile_pr2.utils.CsvUtilsTest" time="0.015"/>
  <testcase name="when_get_param_list_is_empty_return_exception" classname="com.effective.mobile_pr2.utils.CsvUtilsTest" time="0.003"/>
  <testcase name="when_exclude_all_columns_get_list_size_equals_blank" classname="com.effective.mobile_pr2.utils.CsvUtilsTest" time="0.004"/>
  <testcase name="smoke_test" classname="com.effective.mobile_pr2.utils.CsvUtilsTest" time="0.004"/>
  <testcase name="when_get_param_empty_return_exception" classname="com.effective.mobile_pr2.utils.CsvUtilsTest" time="0.003"/>
</testsuite>